<?xml version="1.0" encoding="UTF-8"?>
<!-- Generated by org.testng.reporters.JUnitXMLReporter -->
<testsuite hostname="DEL1-LHP-N01469" name="GnossTest" tests="13" failures="0" timestamp="9 Jul 2018 06:56:44 GMT" time="716.285" errors="0">
  <testcase name="verifyLoginGnoss" time="37.972" classname="test.ui.Gnoss.VerifyGnossLoginLogout"/>
  <testcase name="verifyLogoutGnoss" time="53.616" classname="test.ui.Gnoss.VerifyGnossLoginLogout"/>
  <testcase name="searchProduct" time="70.67" classname="test.ui.Gnoss.VerifyGnossHomePage"/>
  <testcase name="verifyCategories" time="0.926" classname="test.ui.Gnoss.VerifyGnossHomePage"/>
  <testcase name="verifyLanguage" time="2.276" classname="test.ui.Gnoss.VerifyGnossHomePage"/>
  <testcase name="verifyFacetAdveoCode" time="109.244" classname="test.ui.Gnoss.VerifyGnossProductsPage"/>
  <testcase name="verifyFacetGTIN" time="6.546" classname="test.ui.Gnoss.VerifyGnossProductsPage"/>
  <testcase name="verifyFacetSeller" time="28.084" classname="test.ui.Gnoss.VerifyGnossProductsPage"/>
  <testcase name="verifyFacetProductsWithEditedPrice" time="20.646" classname="test.ui.Gnoss.VerifyGnossProductsPage"/>
  <testcase name="verifyFacetRatings" time="7.095" classname="test.ui.Gnoss.VerifyGnossProductsPage"/>
  <testcase name="verifyFacetsNumOfReviews" time="21.205" classname="test.ui.Gnoss.VerifyGnossProductsPage"/>
  <testcase name="verifyProductstab" time="19.692" classname="test.ui.Gnoss.VerifyGnossProductsPage"/>
  <testcase name="verifyPricingProfile" time="62.71" classname="test.ui.Gnoss.VerifyGnossPricingPage"/>
</testsuite> <!-- GnossTest -->
