<html>
<head>
<title>TestNG:  test</title>
<link href="../testng.css" rel="stylesheet" type="text/css" />
<link href="../my-testng.css" rel="stylesheet" type="text/css" />

<style type="text/css">
.log { display: none;} 
.stack-trace { display: none;} 
</style>
<script type="text/javascript">
<!--
function flip(e) {
  current = e.style.display;
  if (current == 'block') {
    e.style.display = 'none';
    return 0;
  }
  else {
    e.style.display = 'block';
    return 1;
  }
}

function toggleBox(szDivId, elem, msg1, msg2)
{
  var res = -1;  if (document.getElementById) {
    res = flip(document.getElementById(szDivId));
  }
  else if (document.all) {
    // this is the way old msie versions work
    res = flip(document.all[szDivId]);
  }
  if(elem) {
    if(res == 0) elem.innerHTML = msg1; else elem.innerHTML = msg2;
  }

}

function toggleAllBoxes() {
  if (document.getElementsByTagName) {
    d = document.getElementsByTagName('div');
    for (i = 0; i < d.length; i++) {
      if (d[i].className == 'log') {
        flip(d[i]);
      }
    }
  }
}

// -->
</script>

</head>
<body>
<h2 align='center'>test</h2><table border='1' align="center">
<tr>
<td>Tests passed/Failed/Skipped:</td><td>2/2/15</td>
</tr><tr>
<td>Started on:</td><td>Mon Jun 18 12:27:30 IST 2018</td>
</tr>
<tr><td>Total time:</td><td>98 seconds (98169 ms)</td>
</tr><tr>
<td>Included groups:</td><td></td>
</tr><tr>
<td>Excluded groups:</td><td></td>
</tr>
</table><p/>
<small><i>(Hover the method name to see the test class name)</i></small><p/>
<table width='100%' border='1' class='invocation-failed'>
<tr><td colspan='4' align='center'><b>FAILED CONFIGURATIONS</b></td></tr>
<tr><td><b>Test method</b></td>
<td width="30%"><b>Exception</b></td>
<td width="10%"><b>Time (seconds)</b></td>
<td><b>Instance</b></td>
</tr>
<tr>
<td title='test.ui.navision.VerifyNavDealerPage.report()'><b>report</b><br>Test class: test.ui.navision.VerifyNavDealerPage<br>Parameters: [TestResult name=Verify_Edit_New_Language status=FAILURE method=VerifyNavDealerPage.Verify_Edit_New_Language()[pri:0, instance:test.ui.navision.VerifyNavDealerPage@58a9760d] output={null}]</td>
<td><div><pre>org.openqa.selenium.WebDriverException: chrome not reachable
  (Session info: chrome=66.0.3359.181)
  (Driver info: chromedriver=2.38.552522 (437e6fbedfa8762dec75e2c5b3ddb86763dc9dcb),platform=Windows NT 10.0.16299 x86_64) (WARNING: The server did not provide any stacktrace information)
Command duration or timeout: 0 milliseconds
Build info: version: &apos;3.9.1&apos;, revision: &apos;63f7b50&apos;, time: &apos;2018-02-07T22:25:02.294Z&apos;
System info: host: &apos;DEL1-LHP-N01398&apos;, ip: &apos;172.16.10.140&apos;, os.name: &apos;Windows 10&apos;, os.arch: &apos;amd64&apos;, os.version: &apos;10.0&apos;, java.version: &apos;1.8.0_161&apos;
Driver info: org.openqa.selenium.chrome.ChromeDriver
Capabilities {acceptInsecureCerts: false, acceptSslCerts: false, applicationCacheEnabled: false, browserConnectionEnabled: false, browserName: chrome, chrome: {chromedriverVersion: 2.38.552522 (437e6fbedfa876..., userDataDir: C:\Users\TRIPTI~1.KAP\AppDa...}, cssSelectorsEnabled: true, databaseEnabled: false, handlesAlerts: true, hasTouchScreen: false, javascriptEnabled: true, locationContextEnabled: true, mobileEmulationEnabled: false, nativeEvents: true, networkConnectionEnabled: false, pageLoadStrategy: normal, platform: XP, platformName: XP, rotatable: false, setWindowRect: true, takesHeapSnapshot: true, takesScreenshot: true, unexpectedAlertBehaviour: , unhandledPromptBehavior: , version: 66.0.3359.181, webStorageEnabled: true}
Session ID: 55c39e460e904ad1b13e8941a0845231
	at org.openqa.selenium.remote.ErrorHandler.createThrowable(ErrorHandler.java:214)
	at org.openqa.selenium.remote.ErrorHandler.throwIfResponseFailed(ErrorHandler.java:166)
	at org.openqa.selenium.remote.http.JsonHttpResponseCodec.reconstructValue(JsonHttpResponseCodec.java:40)
	at org.openqa.selenium.remote.http.AbstractHttpResponseCodec.decode(AbstractHttpResponseCodec.java:80)
	at org.openqa.selenium.remote.http.AbstractHttpResponseCodec.decode(AbstractHttpResponseCodec.java:44)
	at org.openqa.selenium.remote.HttpCommandExecutor.execute(HttpCommandExecutor.java:160)
	at org.openqa.selenium.remote.service.DriverCommandExecutor.execute(DriverCommandExecutor.java:83)
	at org.openqa.selenium.remote.RemoteWebDriver.execute(RemoteWebDriver.java:601)
	at org.openqa.selenium.remote.RemoteWebDriver.execute(RemoteWebDriver.java:658)
	at org.openqa.selenium.remote.RemoteWebDriver.getScreenshotAs(RemoteWebDriver.java:343)
	at ui.utility.ReportHelper.captureScreenshot(ReportHelper.java:48)
	at test.ui.navision.BaseTest.report(BaseTest.java:79)
... Removed 30 stack frames</pre></div><a href='#' onClick='toggleBox("stack-trace1365711624", this, "Click to show all stack frames", "Click to hide stack frames")'>Click to show all stack frames</a>
<div class='stack-trace' id='stack-trace1365711624'><pre>org.openqa.selenium.WebDriverException: chrome not reachable
  (Session info: chrome=66.0.3359.181)
  (Driver info: chromedriver=2.38.552522 (437e6fbedfa8762dec75e2c5b3ddb86763dc9dcb),platform=Windows NT 10.0.16299 x86_64) (WARNING: The server did not provide any stacktrace information)
Command duration or timeout: 0 milliseconds
Build info: version: &apos;3.9.1&apos;, revision: &apos;63f7b50&apos;, time: &apos;2018-02-07T22:25:02.294Z&apos;
System info: host: &apos;DEL1-LHP-N01398&apos;, ip: &apos;172.16.10.140&apos;, os.name: &apos;Windows 10&apos;, os.arch: &apos;amd64&apos;, os.version: &apos;10.0&apos;, java.version: &apos;1.8.0_161&apos;
Driver info: org.openqa.selenium.chrome.ChromeDriver
Capabilities {acceptInsecureCerts: false, acceptSslCerts: false, applicationCacheEnabled: false, browserConnectionEnabled: false, browserName: chrome, chrome: {chromedriverVersion: 2.38.552522 (437e6fbedfa876..., userDataDir: C:\Users\TRIPTI~1.KAP\AppDa...}, cssSelectorsEnabled: true, databaseEnabled: false, handlesAlerts: true, hasTouchScreen: false, javascriptEnabled: true, locationContextEnabled: true, mobileEmulationEnabled: false, nativeEvents: true, networkConnectionEnabled: false, pageLoadStrategy: normal, platform: XP, platformName: XP, rotatable: false, setWindowRect: true, takesHeapSnapshot: true, takesScreenshot: true, unexpectedAlertBehaviour: , unhandledPromptBehavior: , version: 66.0.3359.181, webStorageEnabled: true}
Session ID: 55c39e460e904ad1b13e8941a0845231
	at sun.reflect.NativeConstructorAccessorImpl.newInstance0(Native Method)
	at sun.reflect.NativeConstructorAccessorImpl.newInstance(NativeConstructorAccessorImpl.java:62)
	at sun.reflect.DelegatingConstructorAccessorImpl.newInstance(DelegatingConstructorAccessorImpl.java:45)
	at java.lang.reflect.Constructor.newInstance(Constructor.java:423)
	at org.openqa.selenium.remote.ErrorHandler.createThrowable(ErrorHandler.java:214)
	at org.openqa.selenium.remote.ErrorHandler.throwIfResponseFailed(ErrorHandler.java:166)
	at org.openqa.selenium.remote.http.JsonHttpResponseCodec.reconstructValue(JsonHttpResponseCodec.java:40)
	at org.openqa.selenium.remote.http.AbstractHttpResponseCodec.decode(AbstractHttpResponseCodec.java:80)
	at org.openqa.selenium.remote.http.AbstractHttpResponseCodec.decode(AbstractHttpResponseCodec.java:44)
	at org.openqa.selenium.remote.HttpCommandExecutor.execute(HttpCommandExecutor.java:160)
	at org.openqa.selenium.remote.service.DriverCommandExecutor.execute(DriverCommandExecutor.java:83)
	at org.openqa.selenium.remote.RemoteWebDriver.execute(RemoteWebDriver.java:601)
	at org.openqa.selenium.remote.RemoteWebDriver.execute(RemoteWebDriver.java:658)
	at org.openqa.selenium.remote.RemoteWebDriver.getScreenshotAs(RemoteWebDriver.java:343)
	at ui.utility.ReportHelper.captureScreenshot(ReportHelper.java:48)
	at test.ui.navision.BaseTest.report(BaseTest.java:79)
	at sun.reflect.NativeMethodAccessorImpl.invoke0(Native Method)
	at sun.reflect.NativeMethodAccessorImpl.invoke(NativeMethodAccessorImpl.java:62)
	at sun.reflect.DelegatingMethodAccessorImpl.invoke(DelegatingMethodAccessorImpl.java:43)
	at java.lang.reflect.Method.invoke(Method.java:498)
	at org.testng.internal.MethodInvocationHelper.invokeMethod(MethodInvocationHelper.java:80)
	at org.testng.internal.Invoker.invokeConfigurationMethod(Invoker.java:564)
	at org.testng.internal.Invoker.invokeConfigurations(Invoker.java:213)
	at org.testng.internal.Invoker.invokeMethod(Invoker.java:786)
	at org.testng.internal.Invoker.invokeTestMethod(Invoker.java:901)
	at org.testng.internal.Invoker.invokeTestMethods(Invoker.java:1231)
	at org.testng.internal.TestMethodWorker.invokeTestMethods(TestMethodWorker.java:127)
	at org.testng.internal.TestMethodWorker.run(TestMethodWorker.java:111)
	at org.testng.TestRunner.privateRun(TestRunner.java:767)
	at org.testng.TestRunner.run(TestRunner.java:617)
	at org.testng.SuiteRunner.runTest(SuiteRunner.java:334)
	at org.testng.SuiteRunner.runSequentially(SuiteRunner.java:329)
	at org.testng.SuiteRunner.privateRun(SuiteRunner.java:291)
	at org.testng.SuiteRunner.run(SuiteRunner.java:240)
	at org.testng.SuiteRunnerWorker.runSuite(SuiteRunnerWorker.java:52)
	at org.testng.SuiteRunnerWorker.run(SuiteRunnerWorker.java:86)
	at org.testng.TestNG.runSuitesSequentially(TestNG.java:1198)
	at org.testng.TestNG.runSuitesLocally(TestNG.java:1123)
	at org.testng.TestNG.run(TestNG.java:1031)
	at org.testng.remote.AbstractRemoteTestNG.run(AbstractRemoteTestNG.java:114)
	at org.testng.remote.RemoteTestNG.initAndRun(RemoteTestNG.java:251)
	at org.testng.remote.RemoteTestNG.main(RemoteTestNG.java:77)
</pre></div></td>
<td>0</td>
<td>test.ui.navision.VerifyNavDealerPage@58a9760d</td></tr>
</table><p>
<table width='100%' border='1' class='invocation-skipped'>
<tr><td colspan='4' align='center'><b>SKIPPED CONFIGURATIONS</b></td></tr>
<tr><td><b>Test method</b></td>
<td width="30%"><b>Exception</b></td>
<td width="10%"><b>Time (seconds)</b></td>
<td><b>Instance</b></td>
</tr>
<tr>
<td title='test.ui.navision.verifyNavCustomers.launchBrowser()'><b>launchBrowser</b><br>Test class: test.ui.navision.verifyNavCustomers</td>
<td></td>
<td>0</td>
<td>test.ui.navision.verifyNavCustomers@c0c2f8d</td></tr>
<tr>
<td title='test.ui.navision.verifyNavDealerSettings.launchBrowser()'><b>launchBrowser</b><br>Test class: test.ui.navision.verifyNavDealerSettings</td>
<td></td>
<td>0</td>
<td>test.ui.navision.verifyNavDealerSettings@71e9ddb4</td></tr>
<tr>
<td title='test.ui.navision.verifyCustomertab.launchBrowser()'><b>launchBrowser</b><br>Test class: test.ui.navision.verifyCustomertab</td>
<td></td>
<td>0</td>
<td>test.ui.navision.verifyCustomertab@7530ad9c</td></tr>
<tr>
<td title='test.ui.navision.VerifyNavDealerPage.driverWait()'><b>driverWait</b><br>Test class: test.ui.navision.VerifyNavDealerPage</td>
<td></td>
<td>0</td>
<td>test.ui.navision.VerifyNavDealerPage@58a9760d</td></tr>
<tr>
<td title='test.ui.navision.VerifyNavDealerPage.driverWait()'><b>driverWait</b><br>Test class: test.ui.navision.VerifyNavDealerPage</td>
<td></td>
<td>0</td>
<td>test.ui.navision.VerifyNavDealerPage@58a9760d</td></tr>
<tr>
<td title='test.ui.navision.VerifyNavDealerPage.driverWait()'><b>driverWait</b><br>Test class: test.ui.navision.VerifyNavDealerPage</td>
<td></td>
<td>0</td>
<td>test.ui.navision.VerifyNavDealerPage@58a9760d</td></tr>
<tr>
<td title='test.ui.navision.VerifyNavDealerPage.driverWait()'><b>driverWait</b><br>Test class: test.ui.navision.VerifyNavDealerPage</td>
<td></td>
<td>0</td>
<td>test.ui.navision.VerifyNavDealerPage@58a9760d</td></tr>
<tr>
<td title='test.ui.navision.verifyNavCustomers.driverWait()'><b>driverWait</b><br>Test class: test.ui.navision.verifyNavCustomers</td>
<td></td>
<td>0</td>
<td>test.ui.navision.verifyNavCustomers@c0c2f8d</td></tr>
<tr>
<td title='test.ui.navision.verifyNavCustomers.driverWait()'><b>driverWait</b><br>Test class: test.ui.navision.verifyNavCustomers</td>
<td></td>
<td>0</td>
<td>test.ui.navision.verifyNavCustomers@c0c2f8d</td></tr>
<tr>
<td title='test.ui.navision.verifyNavCustomers.driverWait()'><b>driverWait</b><br>Test class: test.ui.navision.verifyNavCustomers</td>
<td></td>
<td>0</td>
<td>test.ui.navision.verifyNavCustomers@c0c2f8d</td></tr>
<tr>
<td title='test.ui.navision.verifyNavCustomers.driverWait()'><b>driverWait</b><br>Test class: test.ui.navision.verifyNavCustomers</td>
<td></td>
<td>0</td>
<td>test.ui.navision.verifyNavCustomers@c0c2f8d</td></tr>
<tr>
<td title='test.ui.navision.verifyNavCustomers.driverWait()'><b>driverWait</b><br>Test class: test.ui.navision.verifyNavCustomers</td>
<td></td>
<td>0</td>
<td>test.ui.navision.verifyNavCustomers@c0c2f8d</td></tr>
<tr>
<td title='test.ui.navision.verifyNavDealerSettings.driverWait()'><b>driverWait</b><br>Test class: test.ui.navision.verifyNavDealerSettings</td>
<td></td>
<td>0</td>
<td>test.ui.navision.verifyNavDealerSettings@71e9ddb4</td></tr>
<tr>
<td title='test.ui.navision.verifyNavDealerSettings.driverWait()'><b>driverWait</b><br>Test class: test.ui.navision.verifyNavDealerSettings</td>
<td></td>
<td>0</td>
<td>test.ui.navision.verifyNavDealerSettings@71e9ddb4</td></tr>
<tr>
<td title='test.ui.navision.verifyCustomertab.driverWait()'><b>driverWait</b><br>Test class: test.ui.navision.verifyCustomertab</td>
<td></td>
<td>0</td>
<td>test.ui.navision.verifyCustomertab@7530ad9c</td></tr>
<tr>
<td title='test.ui.navision.verifyCustomertab.driverWait()'><b>driverWait</b><br>Test class: test.ui.navision.verifyCustomertab</td>
<td></td>
<td>0</td>
<td>test.ui.navision.verifyCustomertab@7530ad9c</td></tr>
<tr>
<td title='test.ui.navision.verifyCustomertab.driverWait()'><b>driverWait</b><br>Test class: test.ui.navision.verifyCustomertab</td>
<td></td>
<td>0</td>
<td>test.ui.navision.verifyCustomertab@7530ad9c</td></tr>
<tr>
<td title='test.ui.navision.verifyCustomertab.driverWait()'><b>driverWait</b><br>Test class: test.ui.navision.verifyCustomertab</td>
<td></td>
<td>0</td>
<td>test.ui.navision.verifyCustomertab@7530ad9c</td></tr>
<tr>
<td title='test.ui.navision.VerifyNavDealerPage.report()'><b>report</b><br>Test class: test.ui.navision.VerifyNavDealerPage</td>
<td></td>
<td>0</td>
<td>test.ui.navision.VerifyNavDealerPage@58a9760d</td></tr>
<tr>
<td title='test.ui.navision.VerifyNavDealerPage.report()'><b>report</b><br>Test class: test.ui.navision.VerifyNavDealerPage</td>
<td></td>
<td>0</td>
<td>test.ui.navision.VerifyNavDealerPage@58a9760d</td></tr>
<tr>
<td title='test.ui.navision.VerifyNavDealerPage.report()'><b>report</b><br>Test class: test.ui.navision.VerifyNavDealerPage</td>
<td></td>
<td>0</td>
<td>test.ui.navision.VerifyNavDealerPage@58a9760d</td></tr>
<tr>
<td title='test.ui.navision.VerifyNavDealerPage.report()'><b>report</b><br>Test class: test.ui.navision.VerifyNavDealerPage</td>
<td></td>
<td>0</td>
<td>test.ui.navision.VerifyNavDealerPage@58a9760d</td></tr>
<tr>
<td title='test.ui.navision.verifyNavCustomers.report()'><b>report</b><br>Test class: test.ui.navision.verifyNavCustomers</td>
<td></td>
<td>0</td>
<td>test.ui.navision.verifyNavCustomers@c0c2f8d</td></tr>
<tr>
<td title='test.ui.navision.verifyNavCustomers.report()'><b>report</b><br>Test class: test.ui.navision.verifyNavCustomers</td>
<td></td>
<td>0</td>
<td>test.ui.navision.verifyNavCustomers@c0c2f8d</td></tr>
<tr>
<td title='test.ui.navision.verifyNavCustomers.report()'><b>report</b><br>Test class: test.ui.navision.verifyNavCustomers</td>
<td></td>
<td>0</td>
<td>test.ui.navision.verifyNavCustomers@c0c2f8d</td></tr>
<tr>
<td title='test.ui.navision.verifyNavCustomers.report()'><b>report</b><br>Test class: test.ui.navision.verifyNavCustomers</td>
<td></td>
<td>0</td>
<td>test.ui.navision.verifyNavCustomers@c0c2f8d</td></tr>
<tr>
<td title='test.ui.navision.verifyNavCustomers.report()'><b>report</b><br>Test class: test.ui.navision.verifyNavCustomers</td>
<td></td>
<td>0</td>
<td>test.ui.navision.verifyNavCustomers@c0c2f8d</td></tr>
<tr>
<td title='test.ui.navision.verifyNavDealerSettings.report()'><b>report</b><br>Test class: test.ui.navision.verifyNavDealerSettings</td>
<td></td>
<td>0</td>
<td>test.ui.navision.verifyNavDealerSettings@71e9ddb4</td></tr>
<tr>
<td title='test.ui.navision.verifyNavDealerSettings.report()'><b>report</b><br>Test class: test.ui.navision.verifyNavDealerSettings</td>
<td></td>
<td>0</td>
<td>test.ui.navision.verifyNavDealerSettings@71e9ddb4</td></tr>
<tr>
<td title='test.ui.navision.verifyCustomertab.report()'><b>report</b><br>Test class: test.ui.navision.verifyCustomertab</td>
<td></td>
<td>0</td>
<td>test.ui.navision.verifyCustomertab@7530ad9c</td></tr>
<tr>
<td title='test.ui.navision.verifyCustomertab.report()'><b>report</b><br>Test class: test.ui.navision.verifyCustomertab</td>
<td></td>
<td>0</td>
<td>test.ui.navision.verifyCustomertab@7530ad9c</td></tr>
<tr>
<td title='test.ui.navision.verifyCustomertab.report()'><b>report</b><br>Test class: test.ui.navision.verifyCustomertab</td>
<td></td>
<td>0</td>
<td>test.ui.navision.verifyCustomertab@7530ad9c</td></tr>
<tr>
<td title='test.ui.navision.verifyCustomertab.report()'><b>report</b><br>Test class: test.ui.navision.verifyCustomertab</td>
<td></td>
<td>0</td>
<td>test.ui.navision.verifyCustomertab@7530ad9c</td></tr>
<tr>
<td title='test.ui.navision.VerifyNavDealerPage.closeExtent()'><b>closeExtent</b><br>Test class: test.ui.navision.VerifyNavDealerPage</td>
<td></td>
<td>0</td>
<td>test.ui.navision.VerifyNavDealerPage@58a9760d</td></tr>
<tr>
<td title='test.ui.navision.verifyNavCustomers.closeExtent()'><b>closeExtent</b><br>Test class: test.ui.navision.verifyNavCustomers</td>
<td></td>
<td>0</td>
<td>test.ui.navision.verifyNavCustomers@c0c2f8d</td></tr>
<tr>
<td title='test.ui.navision.verifyNavDealerSettings.closeExtent()'><b>closeExtent</b><br>Test class: test.ui.navision.verifyNavDealerSettings</td>
<td></td>
<td>0</td>
<td>test.ui.navision.verifyNavDealerSettings@71e9ddb4</td></tr>
<tr>
<td title='test.ui.navision.verifyCustomertab.closeExtent()'><b>closeExtent</b><br>Test class: test.ui.navision.verifyCustomertab</td>
<td></td>
<td>0</td>
<td>test.ui.navision.verifyCustomertab@7530ad9c</td></tr>
</table><p>
<table width='100%' border='1' class='invocation-failed'>
<tr><td colspan='4' align='center'><b>FAILED TESTS</b></td></tr>
<tr><td><b>Test method</b></td>
<td width="30%"><b>Exception</b></td>
<td width="10%"><b>Time (seconds)</b></td>
<td><b>Instance</b></td>
</tr>
<tr>
<td title='test.ui.navision.VerifyNavDealerPage.Verify_Create_New_Language()'><b>Verify_Create_New_Language</b><br>Test class: test.ui.navision.VerifyNavDealerPage<br>Test method: Verify - Create a new Language</td>
<td><div><pre>java.lang.AssertionError: expected [true] but found [false]
	at test.ui.navision.VerifyNavDealerPage.Verify_Create_New_Language(VerifyNavDealerPage.java:117)
... Removed 28 stack frames</pre></div><a href='#' onClick='toggleBox("stack-trace14124949", this, "Click to show all stack frames", "Click to hide stack frames")'>Click to show all stack frames</a>
<div class='stack-trace' id='stack-trace14124949'><pre>java.lang.AssertionError: expected [true] but found [false]
	at org.testng.Assert.fail(Assert.java:94)
	at org.testng.Assert.failNotEquals(Assert.java:494)
	at org.testng.Assert.assertTrue(Assert.java:42)
	at org.testng.Assert.assertTrue(Assert.java:52)
	at test.ui.navision.VerifyNavDealerPage.Verify_Create_New_Language(VerifyNavDealerPage.java:117)
	at sun.reflect.NativeMethodAccessorImpl.invoke0(Native Method)
	at sun.reflect.NativeMethodAccessorImpl.invoke(NativeMethodAccessorImpl.java:62)
	at sun.reflect.DelegatingMethodAccessorImpl.invoke(DelegatingMethodAccessorImpl.java:43)
	at java.lang.reflect.Method.invoke(Method.java:498)
	at org.testng.internal.MethodInvocationHelper.invokeMethod(MethodInvocationHelper.java:80)
	at org.testng.internal.Invoker.invokeMethod(Invoker.java:714)
	at org.testng.internal.Invoker.invokeTestMethod(Invoker.java:901)
	at org.testng.internal.Invoker.invokeTestMethods(Invoker.java:1231)
	at org.testng.internal.TestMethodWorker.invokeTestMethods(TestMethodWorker.java:127)
	at org.testng.internal.TestMethodWorker.run(TestMethodWorker.java:111)
	at org.testng.TestRunner.privateRun(TestRunner.java:767)
	at org.testng.TestRunner.run(TestRunner.java:617)
	at org.testng.SuiteRunner.runTest(SuiteRunner.java:334)
	at org.testng.SuiteRunner.runSequentially(SuiteRunner.java:329)
	at org.testng.SuiteRunner.privateRun(SuiteRunner.java:291)
	at org.testng.SuiteRunner.run(SuiteRunner.java:240)
	at org.testng.SuiteRunnerWorker.runSuite(SuiteRunnerWorker.java:52)
	at org.testng.SuiteRunnerWorker.run(SuiteRunnerWorker.java:86)
	at org.testng.TestNG.runSuitesSequentially(TestNG.java:1198)
	at org.testng.TestNG.runSuitesLocally(TestNG.java:1123)
	at org.testng.TestNG.run(TestNG.java:1031)
	at org.testng.remote.AbstractRemoteTestNG.run(AbstractRemoteTestNG.java:114)
	at org.testng.remote.RemoteTestNG.initAndRun(RemoteTestNG.java:251)
	at org.testng.remote.RemoteTestNG.main(RemoteTestNG.java:77)
</pre></div></td>
<td>8</td>
<td>test.ui.navision.VerifyNavDealerPage@58a9760d</td></tr>
<tr>
<td title='test.ui.navision.VerifyNavDealerPage.Verify_Edit_New_Language()'><b>Verify_Edit_New_Language</b><br>Test class: test.ui.navision.VerifyNavDealerPage<br>Test method: Verify - Edit a new Language</td>
<td><div><pre>java.lang.NullPointerException
	at org.openqa.selenium.support.pagefactory.internal.LocatingElementHandler.invoke(LocatingElementHandler.java:51)
	at com.sun.proxy.$Proxy15.click(Unknown Source)
	at pages.navision.NavDealerInfoPage.ClickonYes(NavDealerInfoPage.java:246)
	at test.ui.navision.VerifyNavDealerPage.Verify_Edit_New_Language(VerifyNavDealerPage.java:129)
... Removed 28 stack frames</pre></div><a href='#' onClick='toggleBox("stack-trace1502079282", this, "Click to show all stack frames", "Click to hide stack frames")'>Click to show all stack frames</a>
<div class='stack-trace' id='stack-trace1502079282'><pre>java.lang.NullPointerException
	at sun.reflect.NativeMethodAccessorImpl.invoke0(Native Method)
	at sun.reflect.NativeMethodAccessorImpl.invoke(NativeMethodAccessorImpl.java:62)
	at sun.reflect.DelegatingMethodAccessorImpl.invoke(DelegatingMethodAccessorImpl.java:43)
	at java.lang.reflect.Method.invoke(Method.java:498)
	at org.openqa.selenium.support.pagefactory.internal.LocatingElementHandler.invoke(LocatingElementHandler.java:51)
	at com.sun.proxy.$Proxy15.click(Unknown Source)
	at pages.navision.NavDealerInfoPage.ClickonYes(NavDealerInfoPage.java:246)
	at test.ui.navision.VerifyNavDealerPage.Verify_Edit_New_Language(VerifyNavDealerPage.java:129)
	at sun.reflect.NativeMethodAccessorImpl.invoke0(Native Method)
	at sun.reflect.NativeMethodAccessorImpl.invoke(NativeMethodAccessorImpl.java:62)
	at sun.reflect.DelegatingMethodAccessorImpl.invoke(DelegatingMethodAccessorImpl.java:43)
	at java.lang.reflect.Method.invoke(Method.java:498)
	at org.testng.internal.MethodInvocationHelper.invokeMethod(MethodInvocationHelper.java:80)
	at org.testng.internal.Invoker.invokeMethod(Invoker.java:714)
	at org.testng.internal.Invoker.invokeTestMethod(Invoker.java:901)
	at org.testng.internal.Invoker.invokeTestMethods(Invoker.java:1231)
	at org.testng.internal.TestMethodWorker.invokeTestMethods(TestMethodWorker.java:127)
	at org.testng.internal.TestMethodWorker.run(TestMethodWorker.java:111)
	at org.testng.TestRunner.privateRun(TestRunner.java:767)
	at org.testng.TestRunner.run(TestRunner.java:617)
	at org.testng.SuiteRunner.runTest(SuiteRunner.java:334)
	at org.testng.SuiteRunner.runSequentially(SuiteRunner.java:329)
	at org.testng.SuiteRunner.privateRun(SuiteRunner.java:291)
	at org.testng.SuiteRunner.run(SuiteRunner.java:240)
	at org.testng.SuiteRunnerWorker.runSuite(SuiteRunnerWorker.java:52)
	at org.testng.SuiteRunnerWorker.run(SuiteRunnerWorker.java:86)
	at org.testng.TestNG.runSuitesSequentially(TestNG.java:1198)
	at org.testng.TestNG.runSuitesLocally(TestNG.java:1123)
	at org.testng.TestNG.run(TestNG.java:1031)
	at org.testng.remote.AbstractRemoteTestNG.run(AbstractRemoteTestNG.java:114)
	at org.testng.remote.RemoteTestNG.initAndRun(RemoteTestNG.java:251)
	at org.testng.remote.RemoteTestNG.main(RemoteTestNG.java:77)
</pre></div></td>
<td>35</td>
<td>test.ui.navision.VerifyNavDealerPage@58a9760d</td></tr>
</table><p>
<table width='100%' border='1' class='invocation-passed'>
<tr><td colspan='4' align='center'><b>PASSED TESTS</b></td></tr>
<tr><td><b>Test method</b></td>
<td width="30%"><b>Exception</b></td>
<td width="10%"><b>Time (seconds)</b></td>
<td><b>Instance</b></td>
</tr>
<tr>
<td title='test.ui.navision.VerifyNavDealerPage.Verify_Communication_FieldsofDealer()'><b>Verify_Communication_FieldsofDealer</b><br>Test class: test.ui.navision.VerifyNavDealerPage<br>Test method: Verify Communication fields of dealer w.r.t Navision<br>Parameters: {Field Name=Field Value, Phone No.=911111111, Post Code=ES-28003, ADVEO Location Code=2810, Email=info@papel.es, Country/Region Code=ES, Name=Papelería DEMO, Address=Puerta del Sol, Adveo Vendor No.=CR000001, Adveo Dealer Acc. Number=1662027, City=Madrid, Address2=, HomePage=www.papel.es, Adveo Country=DE, eShop Name=adveotest3, Country=Madrid, VAT Registration No.=B12345678}</td>
<td></td>
<td>5</td>
<td>test.ui.navision.VerifyNavDealerPage@58a9760d</td></tr>
<tr>
<td title='test.ui.navision.VerifyNavDealerPage.Verify_Valid_Data_From_CSV()'><b>Verify_Valid_Data_From_CSV</b><br>Test class: test.ui.navision.VerifyNavDealerPage<br>Test method: Verify - Name of Dealer is same as given by CSV<br>Parameters: {Field Name=Field Value, Phone No.=911111111, Post Code=ES-28003, ADVEO Location Code=2810, Email=info@papel.es, Country/Region Code=ES, Name=Papelería DEMO, Address=Puerta del Sol, Adveo Vendor No.=CR000001, Adveo Dealer Acc. Number=1662027, City=Madrid, Address2=, HomePage=www.papel.es, Adveo Country=DE, eShop Name=adveotest3, Country=Madrid, VAT Registration No.=B12345678}</td>
<td></td>
<td>31</td>
<td>test.ui.navision.VerifyNavDealerPage@58a9760d</td></tr>
</table><p>
<table width='100%' border='1' class='invocation-skipped'>
<tr><td colspan='4' align='center'><b>SKIPPED TESTS</b></td></tr>
<tr><td><b>Test method</b></td>
<td width="30%"><b>Exception</b></td>
<td width="10%"><b>Time (seconds)</b></td>
<td><b>Instance</b></td>
</tr>
<tr>
<td title='test.ui.navision.VerifyNavDealerPage.Verify_Delete_New_Language()'><b>Verify_Delete_New_Language</b><br>Test class: test.ui.navision.VerifyNavDealerPage<br>Test method: Verify - Delete a new Language</td>
<td></td>
<td>0</td>
<td>test.ui.navision.VerifyNavDealerPage@58a9760d</td></tr>
<tr>
<td title='test.ui.navision.VerifyNavDealerPage.Verify_Delete_New_Postcode()'><b>Verify_Delete_New_Postcode</b><br>Test class: test.ui.navision.VerifyNavDealerPage<br>Test method: Verify - Delete a new PostCode</td>
<td></td>
<td>0</td>
<td>test.ui.navision.VerifyNavDealerPage@58a9760d</td></tr>
<tr>
<td title='test.ui.navision.VerifyNavDealerPage.Verify_Edit_New_Postcode()'><b>Verify_Edit_New_Postcode</b><br>Test class: test.ui.navision.VerifyNavDealerPage<br>Test method: Verify - Edit a new PostCode</td>
<td></td>
<td>0</td>
<td>test.ui.navision.VerifyNavDealerPage@58a9760d</td></tr>
<tr>
<td title='test.ui.navision.VerifyNavDealerPage.Verify_New_Postcode()'><b>Verify_New_Postcode</b><br>Test class: test.ui.navision.VerifyNavDealerPage<br>Test method: Verify - Create a new PostCode</td>
<td></td>
<td>0</td>
<td>test.ui.navision.VerifyNavDealerPage@58a9760d</td></tr>
<tr>
<td title='test.ui.navision.verifyCustomertab.addnewShiptoaddresDetails()'><b>addnewShiptoaddresDetails</b><br>Test class: test.ui.navision.verifyCustomertab<br>Test method: Verify that dealer is able to add new shiptoaddress <br>Parameters: {MinOrderValue=0.0, DocumentProcessing=Print, PONumberMask=0.0, PaymentTermsCode=CONTADO, PostCode=28030.0, PaymentDayCode=D000229, ALCCostCentreID=0.0, SignOutContent=You are now signed out.
Thank you for using Microsoft Dynamics NAV.

Sign in again, CodeValue=TPC7CJ, Name=Whity, BudgetAccess=0.0, City=Black River, Bambous, Email=sank@navipartner.com, CustomerID=D000004, Non-PaymtCode=D000229, Active=on, PhoneNo=+230 452 99 37, LCY=100.0, ShipmentCode=ENTREGA, Field Name=Field Value, CustomerPostingGroup=EXT, DeletionDate=, LanguageIDALT=0.0, CustomerPriceGroup=A, CustomerName=GDE Distribución S.A., LastStatementNo.=2.0, AnnualBudget=0.0, QteFrom=Person, ApplicationMethod=Manual, NameALT=, Country=MU, PaymentMethodCode=VISA-EUR, NameValue=GDE Distribución S.A., Blocked=Invoice, LocationCode=ADVEO, PartnerType=Person, Address2=Medine Busniess Park, LanguageID=3.0, Address1=Block 2, Clarens Fields, GenPostingGroup=EU, Code=1000.0, CostCentreID=147617.0, PrepaymentPerc=55.0}</td>
<td></td>
<td>0</td>
<td>test.ui.navision.verifyCustomertab@7530ad9c</td></tr>
<tr>
<td title='test.ui.navision.verifyNavCustomers.createCustomerCard()'><b>createCustomerCard</b><br>Test class: test.ui.navision.verifyNavCustomers<br>Test method: Verify that dealer is able to create new customer<br>Parameters: {MinOrderValue=0.0, DocumentProcessing=Print, PONumberMask=0.0, PaymentTermsCode=CONTADO, PostCode=28030.0, PaymentDayCode=D000229, ALCCostCentreID=0.0, SignOutContent=You are now signed out.
Thank you for using Microsoft Dynamics NAV.

Sign in again, CodeValue=TPC7CJ, Name=Whity, BudgetAccess=0.0, City=Black River, Bambous, Email=sank@navipartner.com, CustomerID=D000004, Non-PaymtCode=D000229, Active=on, PhoneNo=+230 452 99 37, LCY=100.0, ShipmentCode=ENTREGA, Field Name=Field Value, CustomerPostingGroup=EXT, DeletionDate=, LanguageIDALT=0.0, CustomerPriceGroup=A, CustomerName=GDE Distribución S.A., LastStatementNo.=2.0, AnnualBudget=0.0, QteFrom=Person, ApplicationMethod=Manual, NameALT=, Country=MU, PaymentMethodCode=VISA-EUR, NameValue=GDE Distribución S.A., Blocked=Invoice, LocationCode=ADVEO, PartnerType=Person, Address2=Medine Busniess Park, LanguageID=3.0, Address1=Block 2, Clarens Fields, GenPostingGroup=EU, Code=1000.0, CostCentreID=147617.0, PrepaymentPerc=55.0}, public void test.ui.navision.verifyNavCustomers.createCustomerCard(java.util.Hashtable,java.lang.reflect.Method) throws java.lang.InterruptedException</td>
<td></td>
<td>0</td>
<td>test.ui.navision.verifyNavCustomers@c0c2f8d</td></tr>
<tr>
<td title='test.ui.navision.verifyNavCustomers.deleteCustomerCard()'><b>deleteCustomerCard</b><br>Test class: test.ui.navision.verifyNavCustomers<br>Test method: Verify that dealer is able to delete customer's Name,Address,Invoicing,Payments and shipping details in Customer page after login to Navision application</td>
<td></td>
<td>0</td>
<td>test.ui.navision.verifyNavCustomers@c0c2f8d</td></tr>
<tr>
<td title='test.ui.navision.verifyCustomertab.deleteShiptoaddresDetails()'><b>deleteShiptoaddresDetails</b><br>Test class: test.ui.navision.verifyCustomertab<br>Test method: Verify that dealer is able to delete shiptoaddress </td>
<td></td>
<td>0</td>
<td>test.ui.navision.verifyCustomertab@7530ad9c</td></tr>
<tr>
<td title='test.ui.navision.verifyNavDealerSettings.editDealerSettings()'><b>editDealerSettings</b><br>Test class: test.ui.navision.verifyNavDealerSettings<br>Test method: Verify that dealer is able to see and update his settings</td>
<td></td>
<td>0</td>
<td>test.ui.navision.verifyNavDealerSettings@71e9ddb4</td></tr>
<tr>
<td title='test.ui.navision.verifyCustomertab.editShiptoaddresDetails()'><b>editShiptoaddresDetails</b><br>Test class: test.ui.navision.verifyCustomertab<br>Test method: Verify that dealer is able to edit shiptoaddress </td>
<td></td>
<td>0</td>
<td>test.ui.navision.verifyCustomertab@7530ad9c</td></tr>
<tr>
<td title='test.ui.navision.verifyNavDealerSettings.navDealerLogout()'><b>navDealerLogout</b><br>Test class: test.ui.navision.verifyNavDealerSettings<br>Test method: Verify that dealer is able to logout from navision application<br>Parameters: {MinOrderValue=0.0, DocumentProcessing=Print, PONumberMask=0.0, PaymentTermsCode=CONTADO, PostCode=28030.0, PaymentDayCode=D000229, ALCCostCentreID=0.0, SignOutContent=You are now signed out.
Thank you for using Microsoft Dynamics NAV.

Sign in again, CodeValue=TPC7CJ, Name=Whity, BudgetAccess=0.0, City=Black River, Bambous, Email=sank@navipartner.com, CustomerID=D000004, Non-PaymtCode=D000229, Active=on, PhoneNo=+230 452 99 37, LCY=100.0, ShipmentCode=ENTREGA, Field Name=Field Value, CustomerPostingGroup=EXT, DeletionDate=, LanguageIDALT=0.0, CustomerPriceGroup=A, CustomerName=GDE Distribución S.A., LastStatementNo.=2.0, AnnualBudget=0.0, QteFrom=Person, ApplicationMethod=Manual, NameALT=, Country=MU, PaymentMethodCode=VISA-EUR, NameValue=GDE Distribución S.A., Blocked=Invoice, LocationCode=ADVEO, PartnerType=Person, Address2=Medine Busniess Park, LanguageID=3.0, Address1=Block 2, Clarens Fields, GenPostingGroup=EU, Code=1000.0, CostCentreID=147617.0, PrepaymentPerc=55.0}</td>
<td></td>
<td>0</td>
<td>test.ui.navision.verifyNavDealerSettings@71e9ddb4</td></tr>
<tr>
<td title='test.ui.navision.verifyNavCustomers.updateCustomerCard()'><b>updateCustomerCard</b><br>Test class: test.ui.navision.verifyNavCustomers<br>Test method: Verify that dealer is able to update customer's Name,Address,Invoicing,Payments and shipping details in Customer page after login to Navision application</td>
<td></td>
<td>0</td>
<td>test.ui.navision.verifyNavCustomers@c0c2f8d</td></tr>
<tr>
<td title='test.ui.navision.verifyCustomertab.validategeneraldetails()'><b>validategeneraldetails</b><br>Test class: test.ui.navision.verifyCustomertab<br>Test method: Verify CustomerID & CustomerName values on Customer page against csv after login into nav application<br>Parameters: {MinOrderValue=0.0, DocumentProcessing=Print, PONumberMask=0.0, PaymentTermsCode=CONTADO, PostCode=28030.0, PaymentDayCode=D000229, ALCCostCentreID=0.0, SignOutContent=You are now signed out.
Thank you for using Microsoft Dynamics NAV.

Sign in again, CodeValue=TPC7CJ, Name=Whity, BudgetAccess=0.0, City=Black River, Bambous, Email=sank@navipartner.com, CustomerID=D000004, Non-PaymtCode=D000229, Active=on, PhoneNo=+230 452 99 37, LCY=100.0, ShipmentCode=ENTREGA, Field Name=Field Value, CustomerPostingGroup=EXT, DeletionDate=, LanguageIDALT=0.0, CustomerPriceGroup=A, CustomerName=GDE Distribución S.A., LastStatementNo.=2.0, AnnualBudget=0.0, QteFrom=Person, ApplicationMethod=Manual, NameALT=, Country=MU, PaymentMethodCode=VISA-EUR, NameValue=GDE Distribución S.A., Blocked=Invoice, LocationCode=ADVEO, PartnerType=Person, Address2=Medine Busniess Park, LanguageID=3.0, Address1=Block 2, Clarens Fields, GenPostingGroup=EU, Code=1000.0, CostCentreID=147617.0, PrepaymentPerc=55.0}</td>
<td></td>
<td>0</td>
<td>test.ui.navision.verifyCustomertab@7530ad9c</td></tr>
<tr>
<td title='test.ui.navision.verifyNavCustomers.verifyCostCentreFields()'><b>verifyCostCentreFields</b><br>Test class: test.ui.navision.verifyNavCustomers<br>Test method: Verify dimension values of cost centres against csv fields<br>Parameters: {MinOrderValue=0.0, DocumentProcessing=Print, PONumberMask=0.0, PaymentTermsCode=CONTADO, PostCode=28030.0, PaymentDayCode=D000229, ALCCostCentreID=0.0, SignOutContent=You are now signed out.
Thank you for using Microsoft Dynamics NAV.

Sign in again, CodeValue=TPC7CJ, Name=Whity, BudgetAccess=0.0, City=Black River, Bambous, Email=sank@navipartner.com, CustomerID=D000004, Non-PaymtCode=D000229, Active=on, PhoneNo=+230 452 99 37, LCY=100.0, ShipmentCode=ENTREGA, Field Name=Field Value, CustomerPostingGroup=EXT, DeletionDate=, LanguageIDALT=0.0, CustomerPriceGroup=A, CustomerName=GDE Distribución S.A., LastStatementNo.=2.0, AnnualBudget=0.0, QteFrom=Person, ApplicationMethod=Manual, NameALT=, Country=MU, PaymentMethodCode=VISA-EUR, NameValue=GDE Distribución S.A., Blocked=Invoice, LocationCode=ADVEO, PartnerType=Person, Address2=Medine Busniess Park, LanguageID=3.0, Address1=Block 2, Clarens Fields, GenPostingGroup=EU, Code=1000.0, CostCentreID=147617.0, PrepaymentPerc=55.0}</td>
<td></td>
<td>0</td>
<td>test.ui.navision.verifyNavCustomers@c0c2f8d</td></tr>
<tr>
<td title='test.ui.navision.verifyNavCustomers.verifyCustomerAddressDeatils()'><b>verifyCustomerAddressDeatils</b><br>Test class: test.ui.navision.verifyNavCustomers<br>Test method: Verify Address & Contact section in Customer page against csv after login navision application<br>Parameters: {MinOrderValue=0.0, DocumentProcessing=Print, PONumberMask=0.0, PaymentTermsCode=CONTADO, PostCode=28030.0, PaymentDayCode=D000229, ALCCostCentreID=0.0, SignOutContent=You are now signed out.
Thank you for using Microsoft Dynamics NAV.

Sign in again, CodeValue=TPC7CJ, Name=Whity, BudgetAccess=0.0, City=Black River, Bambous, Email=sank@navipartner.com, CustomerID=D000004, Non-PaymtCode=D000229, Active=on, PhoneNo=+230 452 99 37, LCY=100.0, ShipmentCode=ENTREGA, Field Name=Field Value, CustomerPostingGroup=EXT, DeletionDate=, LanguageIDALT=0.0, CustomerPriceGroup=A, CustomerName=GDE Distribución S.A., LastStatementNo.=2.0, AnnualBudget=0.0, QteFrom=Person, ApplicationMethod=Manual, NameALT=, Country=MU, PaymentMethodCode=VISA-EUR, NameValue=GDE Distribución S.A., Blocked=Invoice, LocationCode=ADVEO, PartnerType=Person, Address2=Medine Busniess Park, LanguageID=3.0, Address1=Block 2, Clarens Fields, GenPostingGroup=EU, Code=1000.0, CostCentreID=147617.0, PrepaymentPerc=55.0}</td>
<td></td>
<td>0</td>
<td>test.ui.navision.verifyNavCustomers@c0c2f8d</td></tr>
</table><p>
</body>
</html>